<?xml version="1.0" encoding="UTF-8"?>
<!-- Generated by org.testng.reporters.JUnitReportReporter -->
<testsuite hostname="admin-PC" failures="0" tests="5" name="com.smoke.in.SmokeClass" time="0.031" errors="0" timestamp="2025-03-03T16:05:05 IST" skipped="0">
  <testcase classname="com.smoke.in.SmokeClass" name="smokeMethodTwo" time="0.001"/>
  <system-out/>
  <testcase classname="com.smoke.in.SmokeClass" name="smokeMethodone" time="0.003"/>
  <system-out/>
  <testcase classname="com.smoke.in.SmokeClass" name="smokeMethodFour" time="0.002"/>
  <system-out/>
  <testcase classname="com.smoke.in.SmokeClass" name="smokeMethodThree" time="0.002"/>
  <system-out/>
  <testcase classname="com.smoke.in.SmokeClass" name="smokeMethodFive" time="0.023"/>
  <system-out/>
</testsuite> <!-- com.smoke.in.SmokeClass -->
