<?xml version="1.0" encoding="UTF-8"?>
<!-- Generated by org.testng.reporters.JUnitReportReporter -->
<testsuite hostname="admin-PC" failures="0" tests="5" name="com.functional.in.FunctionalClass" time="0.017" errors="0" timestamp="2025-03-03T16:05:05 IST" skipped="0">
  <testcase classname="com.functional.in.FunctionalClass" name="functionalMethodTwo" time="0.002"/>
  <system-out/>
  <testcase classname="com.functional.in.FunctionalClass" name="functionalMethodFive" time="0.011"/>
  <system-out/>
  <testcase classname="com.functional.in.FunctionalClass" name="functionalMethodFour" time="0.001"/>
  <system-out/>
  <testcase classname="com.functional.in.FunctionalClass" name="functionalMethodThree" time="0.002"/>
  <system-out/>
  <testcase classname="com.functional.in.FunctionalClass" name="functionalMethodone" time="0.001"/>
  <system-out/>
</testsuite> <!-- com.functional.in.FunctionalClass -->
