<?xml version="1.0" encoding="UTF-8"?>
<!-- Generated by org.testng.reporters.JUnitReportReporter -->
<testsuite hostname="admin-PC" failures="0" tests="1" name="com.priority.in.SecondClass" time="0.002" errors="0" timestamp="2025-02-24T11:53:31 IST" skipped="0">
  <testcase classname="com.priority.in.SecondClass" name="m1" time="0.002"/>
  <system-out/>
</testsuite> <!-- com.priority.in.SecondClass -->
