<?xml version="1.0" encoding="UTF-8"?>
<!-- Generated by org.testng.reporters.JUnitReportReporter -->
<testsuite hostname="admin-PC" failures="0" tests="2" name="com.groupone.in.Parameterat" time="0.023" errors="0" timestamp="2025-02-28T23:30:36 IST" skipped="0">
  <testcase classname="com.groupone.in.Parameterat" name="getData" time="0.017"/>
  <system-out/>
  <testcase classname="com.groupone.in.Parameterat" name="getData" time="0.006"/>
  <system-out/>
</testsuite> <!-- com.groupone.in.Parameterat -->
