<?xml version="1.0" encoding="UTF-8"?>
<!-- Generated by org.testng.reporters.JUnitReportReporter -->
<testsuite hostname="admin-PC" failures="0" tests="5" name="com.groupone.in.GroupOne" time="0.059" errors="0" timestamp="2025-02-28T23:11:38 IST" skipped="0">
  <testcase classname="com.groupone.in.GroupOne" name="groupMethodone" time="0.014"/>
  <system-out/>
  <testcase classname="com.groupone.in.GroupOne" name="groupMethodFunctional" time="0.027"/>
  <system-out/>
  <testcase classname="com.groupone.in.GroupOne" name="groupMethodsmoke" time="0.004"/>
  <system-out/>
  <testcase classname="com.groupone.in.GroupOne" name="groupMethodsanity" time="0.002"/>
  <system-out/>
  <testcase classname="com.groupone.in.GroupOne" name="groupMethodSmokeandSanity" time="0.012"/>
  <system-out/>
</testsuite> <!-- com.groupone.in.GroupOne -->
