<?xml version="1.0" encoding="UTF-8"?>
<!-- Generated by org.testng.reporters.JUnitReportReporter -->
<testsuite hostname="admin-PC" failures="0" tests="2" name="com.parameter.in.ParameterClass" time="0.035" errors="0" timestamp="2025-02-24T23:08:23 IST" skipped="0">
  <testcase classname="com.parameter.in.ParameterClass" name="parameterMethod" time="0.029"/>
  <system-out/>
  <testcase classname="com.parameter.in.ParameterClass" name="secondMethod" time="0.006"/>
  <system-out/>
</testsuite> <!-- com.parameter.in.ParameterClass -->
