<?xml version="1.0" encoding="UTF-8"?>
<!-- Generated by org.testng.reporters.JUnitReportReporter -->
<testsuite hostname="admin-PC" failures="0" tests="1" name="com.invocationcount.in.InvocationCount" time="0.130" errors="0" timestamp="2025-03-03T17:08:23 IST" skipped="0">
  <testcase classname="com.invocationcount.in.InvocationCount" name="m1" time="0.130"/>
  <system-out/>
</testsuite> <!-- com.invocationcount.in.InvocationCount -->
