<?xml version="1.0" encoding="UTF-8"?>
<!-- Generated by org.testng.reporters.JUnitReportReporter -->
<testsuite hostname="admin-PC" failures="0" tests="5" name="com.regrnession.i.RegressionClass" time="0.068" errors="0" timestamp="2025-03-03T16:05:05 IST" skipped="0">
  <testcase classname="com.regrnession.i.RegressionClass" name="functionalMethodThree" time="0.009"/>
  <system-out/>
  <testcase classname="com.regrnession.i.RegressionClass" name="functionalMethodTwo" time="0.037"/>
  <system-out/>
  <testcase classname="com.regrnession.i.RegressionClass" name="functionalMethodone" time="0.001"/>
  <system-out/>
  <testcase classname="com.regrnession.i.RegressionClass" name="functionalMethodFive" time="0.011"/>
  <system-out/>
  <testcase classname="com.regrnession.i.RegressionClass" name="functionalMethodFour" time="0.010"/>
  <system-out/>
</testsuite> <!-- com.regrnession.i.RegressionClass -->
