<?xml version="1.0" encoding="UTF-8"?>
<!-- Generated by org.testng.reporters.JUnitReportReporter -->
<testsuite hostname="admin-PC" failures="0" tests="4" name="com.failed.in.FailedTwo" time="0.009" errors="0" timestamp="2025-03-05T11:12:26 IST" skipped="0">
  <testcase classname="com.failed.in.FailedTwo" name="loginWithValidCredentalsTwo" time="0.002"/>
  <system-out/>
  <testcase classname="com.failed.in.FailedTwo" name="five" time="0.003"/>
  <system-out/>
  <testcase classname="com.failed.in.FailedTwo" name="seven" time="0.002"/>
  <system-out/>
  <testcase classname="com.failed.in.FailedTwo" name="six" time="0.002"/>
  <system-out/>
</testsuite> <!-- com.failed.in.FailedTwo -->
