<?xml version="1.0" encoding="UTF-8"?>
<!-- Generated by org.testng.reporters.JUnitReportReporter -->
<testsuite hostname="admin-PC" failures="0" tests="1" name="com.datadriver.in.DataDrivenTesting" time="22.513" errors="0" timestamp="2009-12-21T02:40:23 IST" skipped="0">
  <testcase classname="com.datadriver.in.DataDrivenTesting" name="getData" time="22.513"/>
  <system-out/>
</testsuite> <!-- com.datadriver.in.DataDrivenTesting -->
