<?xml version="1.0" encoding="UTF-8"?>
<!-- Generated by org.testng.reporters.JUnitReportReporter -->
<testsuite hostname="admin-PC" failures="0" tests="7" name="com.priority.in.PriorityCla" time="0.040" errors="0" timestamp="2025-02-24T11:53:31 IST" skipped="0">
  <testcase classname="com.priority.in.PriorityCla" name="zix" time="0.010"/>
  <system-out/>
  <testcase classname="com.priority.in.PriorityCla" name="six" time="0.005"/>
  <system-out/>
  <testcase classname="com.priority.in.PriorityCla" name="five" time="0.007"/>
  <system-out/>
  <testcase classname="com.priority.in.PriorityCla" name="four" time="0.001"/>
  <system-out/>
  <testcase classname="com.priority.in.PriorityCla" name="three" time="0.007"/>
  <system-out/>
  <testcase classname="com.priority.in.PriorityCla" name="two" time="0.008"/>
  <system-out/>
  <testcase classname="com.priority.in.PriorityCla" name="one" time="0.002"/>
  <system-out/>
</testsuite> <!-- com.priority.in.PriorityCla -->
