<?xml version="1.0" encoding="UTF-8"?>
<!-- Generated by org.testng.reporters.JUnitReportReporter -->
<testsuite hostname="admin-PC" failures="0" tests="5" name="com.sanity.in.SanityClass" time="0.043" errors="0" timestamp="2025-03-03T16:05:05 IST" skipped="0">
  <testcase classname="com.sanity.in.SanityClass" name="sanityMethodone" time="0.002"/>
  <system-out/>
  <testcase classname="com.sanity.in.SanityClass" name="sanityMethodTwo" time="0.005"/>
  <system-out/>
  <testcase classname="com.sanity.in.SanityClass" name="sanityMethodThree" time="0.007"/>
  <system-out/>
  <testcase classname="com.sanity.in.SanityClass" name="sanityMethodFour" time="0.002"/>
  <system-out/>
  <testcase classname="com.sanity.in.SanityClass" name="sanityMethodFive" time="0.027"/>
  <system-out/>
</testsuite> <!-- com.sanity.in.SanityClass -->
