<?xml version="1.0" encoding="UTF-8"?>
<!-- Generated by org.testng.reporters.JUnitReportReporter -->
<testsuite hostname="admin-PC" failures="0" tests="6" name="com.groupthree.in.GroupThree" time="0.046" errors="0" timestamp="2025-02-26T18:32:55 IST" skipped="0">
  <testcase classname="com.groupthree.in.GroupThree" name="groupMethodThreeFunctional" time="0.010"/>
  <system-out/>
  <testcase classname="com.groupthree.in.GroupThree" name="groupMethodThreesanity" time="0.004"/>
  <system-out/>
  <testcase classname="com.groupthree.in.GroupThree" name="bgroupMethodThreeSmokeandSanity" time="0.006"/>
  <system-out/>
  <testcase classname="com.groupthree.in.GroupThree" name="groupMethodThreesmoke" time="0.007"/>
  <system-out/>
  <testcase classname="com.groupthree.in.GroupThree" name="groupMethodThree" time="0.009"/>
  <system-out/>
  <testcase classname="com.groupthree.in.GroupThree" name="adependsMethods" time="0.010"/>
  <system-out/>
</testsuite> <!-- com.groupthree.in.GroupThree -->
